<?xml version="1.0" encoding="UTF-8"?>
<!-- Generated by org.testng.reporters.JUnitXMLReporter -->
<testsuite ignored="8" hostname="DESKTOP-5REPIVI" failures="1" tests="1" name="Test1" time="77.851" errors="0" timestamp="2022-12-22T11:50:26 IST">
  <testcase classname="com.flipkart.testCases.TC_Comapre_009" name="comapreMobiles" time="73.691">
    <failure type="org.openqa.selenium.ElementNotInteractableException" message="element not interactable
  (Session info: chrome=108.0.5359.125)
Build info: version: &amp;apos;4.1.2&amp;apos;, revision: &amp;apos;9a5a329c5a&amp;apos;
System info: host: &amp;apos;DESKTOP-5REPIVI&amp;apos;, ip: &amp;apos;192.168.1.9&amp;apos;, os.name: &amp;apos;Windows 10&amp;apos;, os.arch: &amp;apos;amd64&amp;apos;, os.version: &amp;apos;10.0&amp;apos;, java.version: &amp;apos;17.0.1&amp;apos;
Driver info: org.openqa.selenium.chrome.ChromeDriver
Command: [adb0a1e38ff2cfbc9d4e6149c89301d9, clickElement {id=6d7918db-b8ac-4a4a-ae2e-f63fb12ebbe7}]
Capabilities {acceptInsecureCerts: false, browserName: chrome, browserVersion: 108.0.5359.125, chrome: {chromedriverVersion: 108.0.5359.71 (1e0e3868ee06..., userDataDir: C:\Users\ADMIN\AppData\Loca...}, goog:chromeOptions: {debuggerAddress: localhost:65319}, javascriptEnabled: true, networkConnectionEnabled: false, pageLoadStrategy: normal, platform: WINDOWS, platformName: WINDOWS, proxy: Proxy(), se:cdp: ws://localhost:65319/devtoo..., se:cdpVersion: 108.0.5359.125, setWindowRect: true, strictFileInteractability: false, timeouts: {implicit: 0, pageLoad: 300000, script: 30000}, unhandledPromptBehavior: dismiss and notify, webauthn:extension:credBlob: true, webauthn:extension:largeBlob: true, webauthn:virtualAuthenticators: true}
Element: [[ChromeDriver: chrome on WINDOWS (adb0a1e38ff2cfbc9d4e6149c89301d9)] -&amp;gt; xpath: //div[text()=&amp;apos;realme C31 (Light Silver, 32 GB)&amp;apos;]]
Session ID: adb0a1e38ff2cfbc9d4e6149c89301d9">
      <![CDATA[org.openqa.selenium.ElementNotInteractableException: element not interactable
  (Session info: chrome=108.0.5359.125)
Build info: version: '4.1.2', revision: '9a5a329c5a'
System info: host: 'DESKTOP-5REPIVI', ip: '192.168.1.9', os.name: 'Windows 10', os.arch: 'amd64', os.version: '10.0', java.version: '17.0.1'
Driver info: org.openqa.selenium.chrome.ChromeDriver
Command: [adb0a1e38ff2cfbc9d4e6149c89301d9, clickElement {id=6d7918db-b8ac-4a4a-ae2e-f63fb12ebbe7}]
Capabilities {acceptInsecureCerts: false, browserName: chrome, browserVersion: 108.0.5359.125, chrome: {chromedriverVersion: 108.0.5359.71 (1e0e3868ee06..., userDataDir: C:\Users\ADMIN\AppData\Loca...}, goog:chromeOptions: {debuggerAddress: localhost:65319}, javascriptEnabled: true, networkConnectionEnabled: false, pageLoadStrategy: normal, platform: WINDOWS, platformName: WINDOWS, proxy: Proxy(), se:cdp: ws://localhost:65319/devtoo..., se:cdpVersion: 108.0.5359.125, setWindowRect: true, strictFileInteractability: false, timeouts: {implicit: 0, pageLoad: 300000, script: 30000}, unhandledPromptBehavior: dismiss and notify, webauthn:extension:credBlob: true, webauthn:extension:largeBlob: true, webauthn:virtualAuthenticators: true}
Element: [[ChromeDriver: chrome on WINDOWS (adb0a1e38ff2cfbc9d4e6149c89301d9)] -> xpath: //div[text()='realme C31 (Light Silver, 32 GB)']]
Session ID: adb0a1e38ff2cfbc9d4e6149c89301d9
at org.openqa.selenium.remote.codec.w3c.W3CHttpResponseCodec.createException(W3CHttpResponseCodec.java:200)
at org.openqa.selenium.remote.codec.w3c.W3CHttpResponseCodec.decode(W3CHttpResponseCodec.java:133)
at org.openqa.selenium.remote.codec.w3c.W3CHttpResponseCodec.decode(W3CHttpResponseCodec.java:53)
at org.openqa.selenium.remote.HttpCommandExecutor.execute(HttpCommandExecutor.java:184)
at org.openqa.selenium.remote.service.DriverCommandExecutor.invokeExecute(DriverCommandExecutor.java:167)
at org.openqa.selenium.remote.service.DriverCommandExecutor.execute(DriverCommandExecutor.java:142)
at org.openqa.selenium.remote.RemoteWebDriver.execute(RemoteWebDriver.java:558)
at org.openqa.selenium.remote.RemoteWebElement.execute(RemoteWebElement.java:251)
at org.openqa.selenium.remote.RemoteWebElement.click(RemoteWebElement.java:77)
at com.flipkart.testCases.TC_Comapre_009.comapreMobiles(TC_Comapre_009.java:81)
at java.base/java.util.ArrayList.forEach(ArrayList.java:1511)
... Removed 32 stack frames]]>
    </failure>
  </testcase> <!-- comapreMobiles -->
  <testcase classname="com.flipkart.testCases.TC_LoginTest_001" name="loginTest" time="0.0">
    <ignored/>
  </testcase> <!-- loginTest -->
  <testcase classname="com.flipkart.testCases.TC_TotalItems_004" name="totalItems" time="0.0">
    <ignored/>
  </testcase> <!-- totalItems -->
  <testcase classname="com.flipkart.testCases.TC_LoginTest_001" name="TitleCheckTest" time="0.0">
    <ignored/>
  </testcase> <!-- TitleCheckTest -->
  <testcase classname="com.flipkart.testCases.TC_Carousel_008" name="carousel" time="0.0">
    <ignored/>
  </testcase> <!-- carousel -->
  <testcase classname="com.flipkart.testCases.TC_AddToCart_005" name="addToCart" time="0.0">
    <ignored/>
  </testcase> <!-- addToCart -->
  <testcase classname="com.flipkart.testCases.TC_LogoutTest_003" name="logoutTest" time="0.0">
    <ignored/>
  </testcase> <!-- logoutTest -->
  <testcase classname="com.flipkart.testCases.TC_SuperCoinBalance_006" name="superCoinBalance" time="0.0">
    <ignored/>
  </testcase> <!-- superCoinBalance -->
  <testcase classname="com.flipkart.testCases.TC_TotalOrders_007" name="totalOrders" time="0.0">
    <ignored/>
  </testcase> <!-- totalOrders -->
</testsuite> <!-- Test1 -->
